{"/Users/mykola/Projects/lndc-test/.eslintrc.js": {"path":"/Users/mykola/Projects/lndc-test/.eslintrc.js","statementMap":{"0":{"start":{"line":1,"column":0},"end":{"line":null,"column":-1}}},"fnMap":{},"branchMap":{"0":{"loc":{"start":{"line":11,"column":58},"end":{"line":11,"column":18}},"type":"cond-expr","locations":[{"start":{"line":11,"column":58},"end":{"line":11,"column":18}},{"start":{"line":11,"column":68},"end":{"line":10,"column":9}}]},"1":{"loc":{"start":{"line":12,"column":59},"end":{"line":12,"column":19}},"type":"cond-expr","locations":[{"start":{"line":12,"column":59},"end":{"line":12,"column":19}},{"start":{"line":12,"column":69},"end":{"line":null,"column":-1}}]}},"s":{"0":0},"f":{},"b":{"0":[0,0],"1":[0,0]}}
,"/Users/mykola/Projects/lndc-test/babel.config.js": {"path":"/Users/mykola/Projects/lndc-test/babel.config.js","statementMap":{"0":{"start":{"line":1,"column":0},"end":{"line":null,"column":-1}}},"fnMap":{},"branchMap":{},"s":{"0":0},"f":{},"b":{}}
,"/Users/mykola/Projects/lndc-test/jest.config.js": {"path":"/Users/mykola/Projects/lndc-test/jest.config.js","statementMap":{"0":{"start":{"line":1,"column":0},"end":{"line":null,"column":-1}}},"fnMap":{},"branchMap":{},"s":{"0":0},"f":{},"b":{}}
,"/Users/mykola/Projects/lndc-test/postcss.config.js": {"path":"/Users/mykola/Projects/lndc-test/postcss.config.js","statementMap":{"0":{"start":{"line":1,"column":0},"end":{"line":null,"column":-1}}},"fnMap":{},"branchMap":{},"s":{"0":0},"f":{},"b":{}}
,"/Users/mykola/Projects/lndc-test/src/App.vue": {"path":"/Users/mykola/Projects/lndc-test/src/App.vue","statementMap":{"0":{"start":{"line":25,"column":0},"end":{"line":null,"column":-1}},"1":{"start":{"line":32,"column":0},"end":{"line":null,"column":-1}}},"fnMap":{"0":{"name":"(anonymous_1)","decl":{"start":{"line":32,"column":0},"end":{"line":null,"column":-1}},"loc":{"start":{"line":32,"column":0},"end":{"line":null,"column":-1}}}},"branchMap":{},"s":{"0":0,"1":0},"f":{"0":0},"b":{}}
,"/Users/mykola/Projects/lndc-test/src/main.js": {"path":"/Users/mykola/Projects/lndc-test/src/main.js","statementMap":{"0":{"start":{"line":1,"column":0},"end":{"line":null,"column":-1}},"1":{"start":{"line":2,"column":0},"end":{"line":null,"column":-1}},"2":{"start":{"line":3,"column":0},"end":{"line":null,"column":-1}},"3":{"start":{"line":4,"column":0},"end":{"line":null,"column":-1}},"4":{"start":{"line":5,"column":0},"end":{"line":null,"column":-1}},"5":{"start":{"line":7,"column":0},"end":{"line":null,"column":-1}},"6":{"start":{"line":9,"column":0},"end":{"line":null,"column":-1}},"7":{"start":{"line":13,"column":15},"end":{"line":13,"column":16}}},"fnMap":{"0":{"name":"(anonymous_0)","decl":{"start":{"line":13,"column":10},"end":{"line":13,"column":11}},"loc":{"start":{"line":13,"column":15},"end":{"line":13,"column":16}}}},"branchMap":{},"s":{"0":0,"1":0,"2":0,"3":0,"4":0,"5":0,"6":0,"7":0},"f":{"0":0},"b":{}}
,"/Users/mykola/Projects/lndc-test/src/router.js": {"path":"/Users/mykola/Projects/lndc-test/src/router.js","statementMap":{"0":{"start":{"line":1,"column":0},"end":{"line":null,"column":-1}},"1":{"start":{"line":2,"column":0},"end":{"line":null,"column":-1}},"2":{"start":{"line":3,"column":0},"end":{"line":null,"column":-1}},"3":{"start":{"line":5,"column":0},"end":{"line":null,"column":-1}},"4":{"start":{"line":22,"column":17},"end":{"line":null,"column":-1}}},"fnMap":{"0":{"name":"(anonymous_0)","decl":{"start":{"line":22,"column":17},"end":{"line":null,"column":-1}},"loc":{"start":{"line":22,"column":17},"end":{"line":null,"column":-1}}}},"branchMap":{},"s":{"0":0,"1":0,"2":0,"3":0,"4":0},"f":{"0":0},"b":{}}
,"/Users/mykola/Projects/lndc-test/src/store.js": {"path":"/Users/mykola/Projects/lndc-test/src/store.js","statementMap":{"0":{"start":{"line":1,"column":0},"end":{"line":null,"column":-1}},"1":{"start":{"line":2,"column":0},"end":{"line":null,"column":-1}},"2":{"start":{"line":4,"column":0},"end":{"line":null,"column":-1}}},"fnMap":{},"branchMap":{},"s":{"0":0,"1":0,"2":0},"f":{},"b":{}}
,"/Users/mykola/Projects/lndc-test/src/components/HelloWorld.vue": {"path":"/Users/mykola/Projects/lndc-test/src/components/HelloWorld.vue","statementMap":{"0":{"start":{"line":89,"column":0},"end":{"line":null,"column":-1}}},"fnMap":{"0":{"name":"(anonymous_1)","decl":{"start":{"line":89,"column":0},"end":{"line":null,"column":-1}},"loc":{"start":{"line":89,"column":0},"end":{"line":null,"column":-1}}}},"branchMap":{},"s":{"0":1},"f":{"0":1},"b":{}}
,"/Users/mykola/Projects/lndc-test/src/plugins/vuetify.js": {"path":"/Users/mykola/Projects/lndc-test/src/plugins/vuetify.js","statementMap":{"0":{"start":{"line":1,"column":0},"end":{"line":null,"column":-1}},"1":{"start":{"line":2,"column":0},"end":{"line":null,"column":-1}},"2":{"start":{"line":4,"column":0},"end":{"line":null,"column":-1}}},"fnMap":{},"branchMap":{},"s":{"0":0,"1":0,"2":0},"f":{},"b":{}}
,"/Users/mykola/Projects/lndc-test/src/views/Home.vue": {"path":"/Users/mykola/Projects/lndc-test/src/views/Home.vue","statementMap":{"0":{"start":{"line":6,"column":0},"end":{"line":null,"column":-1}}},"fnMap":{},"branchMap":{},"s":{"0":0},"f":{},"b":{}}
,"/Users/mykola/Projects/lndc-test/tests/unit/.eslintrc.js": {"path":"/Users/mykola/Projects/lndc-test/tests/unit/.eslintrc.js","statementMap":{"0":{"start":{"line":1,"column":0},"end":{"line":null,"column":-1}}},"fnMap":{},"branchMap":{},"s":{"0":0},"f":{},"b":{}}
}
